Library/PramData/AndroidApplicationController/Cache/com.DefaultCompany.MRTestApp/gradle-project/unityLibrary/build/intermediates/manifest_merge_blame_file/debug/manifest-merger-blame-debug-report.txt
1<?xml version="1.0" encoding="utf-8"?>
2<manifest xmlns:android="http://schemas.android.com/apk/res/android"
3    xmlns:tools="http://schemas.android.com/tools"
4    package="com.unity3d.player"
5    android:installLocation="auto" >
6
7    <uses-sdk android:minSdkVersion="29" />
7-->src/main/AndroidManifest.xml
8
9    <uses-permission android:name="android.permission.INTERNET" />
9-->src/main/AndroidManifest.xml:3:3-65
9-->src/main/AndroidManifest.xml:3:20-62
10
11    <uses-feature
11-->src/main/AndroidManifest.xml:4:3-111
12        android:name="android.hardware.vr.headtracking"
12-->src/main/AndroidManifest.xml:4:17-64
13        android:required="true"
13-->src/main/AndroidManifest.xml:4:85-108
14        android:version="1" />
14-->src/main/AndroidManifest.xml:4:65-84
15    <uses-feature
15-->src/main/AndroidManifest.xml:5:3-90
16        android:name="android.hardware.vulkan.version"
16-->src/main/AndroidManifest.xml:5:17-63
17        android:required="true" />
17-->src/main/AndroidManifest.xml:5:64-87
18    <uses-feature
18-->src/main/AndroidManifest.xml:6:3-88
19        android:name="android.hardware.touchscreen"
19-->src/main/AndroidManifest.xml:6:17-60
20        android:required="false" />
20-->src/main/AndroidManifest.xml:6:61-85
21    <uses-feature
21-->src/main/AndroidManifest.xml:7:3-99
22        android:name="android.hardware.touchscreen.multitouch"
22-->src/main/AndroidManifest.xml:7:17-71
23        android:required="false" />
23-->src/main/AndroidManifest.xml:7:72-96
24    <uses-feature
24-->src/main/AndroidManifest.xml:8:3-108
25        android:name="android.hardware.touchscreen.multitouch.distinct"
25-->src/main/AndroidManifest.xml:8:17-80
26        android:required="false" />
26-->src/main/AndroidManifest.xml:8:81-105
27    <uses-feature
27-->src/main/AndroidManifest.xml:36:3-88
28        android:name="oculus.software.handtracking"
28-->src/main/AndroidManifest.xml:36:17-60
29        android:required="false" />
29-->src/main/AndroidManifest.xml:36:61-85
30
31    <uses-permission android:name="com.oculus.permission.HAND_TRACKING" />
31-->src/main/AndroidManifest.xml:37:3-73
31-->src/main/AndroidManifest.xml:37:20-70
32
33    <uses-feature
33-->src/main/AndroidManifest.xml:38:3-90
34        android:name="com.oculus.experimental.enabled"
34-->src/main/AndroidManifest.xml:38:17-63
35        android:required="true" />
35-->src/main/AndroidManifest.xml:38:64-87
36
37    <uses-permission android:name="com.oculus.permission.USE_ANCHOR_API" />
37-->src/main/AndroidManifest.xml:39:3-74
37-->src/main/AndroidManifest.xml:39:20-71
38
39    <uses-feature
39-->src/main/AndroidManifest.xml:40:3-90
40        android:name="com.oculus.feature.PASSTHROUGH"
40-->src/main/AndroidManifest.xml:40:17-62
41        android:required="false" />
41-->src/main/AndroidManifest.xml:40:63-87
42
43    <uses-permission android:name="com.oculus.permission.USE_SCENE" />
43-->src/main/AndroidManifest.xml:41:3-69
43-->src/main/AndroidManifest.xml:41:20-66
44
45    <application
45-->src/main/AndroidManifest.xml:9:3-35:17
46        android:allowBackup="false"
46-->src/main/AndroidManifest.xml:9:81-108
47        android:extractNativeLibs="true"
47-->src/main/AndroidManifest.xml:9:109-141
48        android:icon="@mipmap/app_icon"
48-->src/main/AndroidManifest.xml:9:49-80
49        android:label="@string/app_name"
49-->src/main/AndroidManifest.xml:9:16-48
50        android:networkSecurityConfig="@xml/network_sec_config" >
50-->src/main/AndroidManifest.xml:9:142-197
51        <meta-data
51-->src/main/AndroidManifest.xml:10:5-89
52            android:name="unityplayer.SkipPermissionsDialog"
52-->src/main/AndroidManifest.xml:10:16-64
53            android:value="false" />
53-->src/main/AndroidManifest.xml:10:65-86
54        <meta-data
54-->src/main/AndroidManifest.xml:11:5-97
55            android:name="com.samsung.android.vr.application.mode"
55-->src/main/AndroidManifest.xml:11:16-70
56            android:value="vr_only" />
56-->src/main/AndroidManifest.xml:11:71-94
57        <meta-data
57-->src/main/AndroidManifest.xml:12:5-103
58            android:name="com.oculus.ossplash.background"
58-->src/main/AndroidManifest.xml:12:16-61
59            android:value="passthrough-contextual" />
59-->src/main/AndroidManifest.xml:12:62-100
60        <meta-data
60-->src/main/AndroidManifest.xml:13:5-120
61            android:name="com.oculus.telemetry.project_guid"
61-->src/main/AndroidManifest.xml:13:16-64
62            android:value="87d22433-ac6f-47cd-a721-57a49eed3c4c" />
62-->src/main/AndroidManifest.xml:13:65-117
63        <meta-data
63-->src/main/AndroidManifest.xml:14:5-84
64            android:name="com.oculus.supportedDevices"
64-->src/main/AndroidManifest.xml:14:16-58
65            android:value="eureka" />
65-->src/main/AndroidManifest.xml:14:59-81
66        <meta-data
66-->src/main/AndroidManifest.xml:15:5-69
67            android:name="unity.splash-mode"
67-->src/main/AndroidManifest.xml:15:16-48
68            android:value="0" />
68-->src/main/AndroidManifest.xml:15:49-66
69        <meta-data
69-->src/main/AndroidManifest.xml:16:5-74
70            android:name="unity.splash-enable"
70-->src/main/AndroidManifest.xml:16:16-50
71            android:value="True" />
71-->src/main/AndroidManifest.xml:16:51-71
72        <meta-data
72-->src/main/AndroidManifest.xml:17:5-78
73            android:name="unity.launch-fullscreen"
73-->src/main/AndroidManifest.xml:17:16-54
74            android:value="True" />
74-->src/main/AndroidManifest.xml:17:55-75
75        <meta-data
75-->src/main/AndroidManifest.xml:18:5-84
76            android:name="unity.render-outside-safearea"
76-->src/main/AndroidManifest.xml:18:16-60
77            android:value="True" />
77-->src/main/AndroidManifest.xml:18:61-81
78        <meta-data
78-->src/main/AndroidManifest.xml:19:5-81
79            android:name="notch.config"
79-->src/main/AndroidManifest.xml:19:16-43
80            android:value="portrait|landscape" />
80-->src/main/AndroidManifest.xml:19:44-78
81        <meta-data
81-->src/main/AndroidManifest.xml:20:5-84
82            android:name="unity.auto-report-fully-drawn"
82-->src/main/AndroidManifest.xml:20:16-60
83            android:value="true" />
83-->src/main/AndroidManifest.xml:20:61-81
84
85        <activity
85-->src/main/AndroidManifest.xml:21:5-29:16
86            android:name="com.unity3d.player.UnityPlayerActivity"
86-->src/main/AndroidManifest.xml:21:222-275
87            android:configChanges="keyboard|keyboardHidden|navigation|orientation|screenLayout|screenSize|uiMode|density"
87-->src/main/AndroidManifest.xml:21:80-189
88            android:excludeFromRecents="true"
88-->src/main/AndroidManifest.xml:21:276-309
89            android:exported="true"
89-->src/main/AndroidManifest.xml:21:310-333
90            android:hardwareAccelerated="false"
90-->src/main/AndroidManifest.xml:21:407-442
91            android:launchMode="singleTask"
91-->src/main/AndroidManifest.xml:21:190-221
92            android:resizeableActivity="false"
92-->src/main/AndroidManifest.xml:21:372-406
93            android:screenOrientation="landscape"
93-->src/main/AndroidManifest.xml:21:334-371
94            android:theme="@android:style/Theme.Black.NoTitleBar.Fullscreen" >
94-->src/main/AndroidManifest.xml:21:15-79
95            <intent-filter>
95-->src/main/AndroidManifest.xml:22:7-26:23
96                <category android:name="android.intent.category.LAUNCHER" />
96-->src/main/AndroidManifest.xml:23:9-69
96-->src/main/AndroidManifest.xml:23:19-66
97                <category android:name="com.oculus.intent.category.VR" />
97-->src/main/AndroidManifest.xml:24:9-66
97-->src/main/AndroidManifest.xml:24:19-63
98
99                <action android:name="android.intent.action.MAIN" />
99-->src/main/AndroidManifest.xml:25:9-61
99-->src/main/AndroidManifest.xml:25:17-58
100            </intent-filter>
101
102            <meta-data
102-->src/main/AndroidManifest.xml:27:7-81
103                android:name="com.oculus.vr.focusaware"
103-->src/main/AndroidManifest.xml:27:18-57
104                android:value="true" />
104-->src/main/AndroidManifest.xml:27:58-78
105            <meta-data
105-->src/main/AndroidManifest.xml:28:7-70
106                android:name="notch_support"
106-->src/main/AndroidManifest.xml:28:18-46
107                android:value="true" />
107-->src/main/AndroidManifest.xml:28:47-67
108        </activity>
109
110        <meta-data
110-->src/main/AndroidManifest.xml:30:5-91
111            android:name="com.unity.xr.oculus.LowOverheadMode"
111-->src/main/AndroidManifest.xml:30:16-66
112            android:value="false" />
112-->src/main/AndroidManifest.xml:30:67-88
113        <meta-data
113-->src/main/AndroidManifest.xml:31:5-88
114            android:name="com.unity.xr.oculus.LateLatching"
114-->src/main/AndroidManifest.xml:31:16-63
115            android:value="false" />
115-->src/main/AndroidManifest.xml:31:64-85
116        <meta-data
116-->src/main/AndroidManifest.xml:32:5-93
117            android:name="com.unity.xr.oculus.LateLatchingDebug"
117-->src/main/AndroidManifest.xml:32:16-68
118            android:value="false" />
118-->src/main/AndroidManifest.xml:32:69-90
119        <meta-data
119-->src/main/AndroidManifest.xml:33:5-87
120            android:name="com.oculus.handtracking.frequency"
120-->src/main/AndroidManifest.xml:33:16-64
121            android:value="MAX" />
121-->src/main/AndroidManifest.xml:33:65-84
122        <meta-data
122-->src/main/AndroidManifest.xml:34:5-86
123            android:name="com.oculus.handtracking.version"
123-->src/main/AndroidManifest.xml:34:16-62
124            android:value="V2.0" />
124-->src/main/AndroidManifest.xml:34:63-83
125    </application>
126
127</manifest>